<?xml version="1.0" encoding="UTF-8"?>
<testng-results skipped="0" failed="3" total="5" passed="2">
  <reporter-output>
  </reporter-output>
  <suite name="Suite" duration-ms="85023" started-at="2017-12-08T09:14:02Z" finished-at="2017-12-08T09:15:27Z">
    <groups>
    </groups>
    <test name="登录" duration-ms="17009" started-at="2017-12-08T09:14:02Z" finished-at="2017-12-08T09:14:19Z">
      <class name="com.gorky.appiumdemo.testcases.login.LoginPage_001_LoginCase_Test">
        <test-method status="PASS" signature="loginDemo(java.util.Map)[pri:0, instance:com.gorky.appiumdemo.testcases.login.LoginPage_001_LoginCase_Test@4dfa3a9d]" name="loginDemo" duration-ms="16736" started-at="2017-12-08T17:14:02Z" data-provider="testData" finished-at="2017-12-08T17:14:19Z">
          <params>
            <param index="0">
              <value>
                <![CDATA[{password=aaa123, username=13570547723}]]>
              </value>
            </param>
          </params>
          <reporter-output>
          </reporter-output>
        </test-method> <!-- loginDemo -->
        <test-method status="PASS" signature="clenTest()[pri:0, instance:com.gorky.appiumdemo.testcases.login.LoginPage_001_LoginCase_Test@4dfa3a9d]" name="clenTest" is-config="true" duration-ms="0" started-at="2017-12-08T17:14:19Z" finished-at="2017-12-08T17:14:19Z">
          <reporter-output>
          </reporter-output>
        </test-method> <!-- clenTest -->
      </class> <!-- com.gorky.appiumdemo.testcases.login.LoginPage_001_LoginCase_Test -->
    </test> <!-- 登录 -->
    <test name="我的客户" duration-ms="67995" started-at="2017-12-08T09:14:19Z" finished-at="2017-12-08T09:15:27Z">
      <class name="com.gorky.appiumdemo.testcases.login.LoginPage_001_LoginCase_Test">
        <test-method status="PASS" signature="initTest(org.testng.ITestContext)[pri:0, instance:com.gorky.appiumdemo.testcases.login.LoginPage_001_LoginCase_Test@4dfa3a9d]" name="initTest" is-config="true" duration-ms="29186" started-at="2017-12-08T17:13:33Z" finished-at="2017-12-08T17:14:02Z">
          <params>
            <param index="0">
              <value>
                <![CDATA[org.testng.TestRunner@5e600dd5]]>
              </value>
            </param>
          </params>
          <reporter-output>
          </reporter-output>
        </test-method> <!-- initTest -->
      </class> <!-- com.gorky.appiumdemo.testcases.login.LoginPage_001_LoginCase_Test -->
      <class name="com.gorky.appiumdemo.testcases.customer.CustomerPage_001_CustomerCase_Test">
        <test-method status="PASS" signature="initTest(org.testng.ITestContext)[pri:0, instance:com.gorky.appiumdemo.testcases.customer.CustomerPage_001_CustomerCase_Test@ff5b51f]" name="initTest" is-config="true" duration-ms="3" started-at="2017-12-08T17:14:19Z" finished-at="2017-12-08T17:14:19Z">
          <params>
            <param index="0">
              <value>
                <![CDATA[org.testng.TestRunner@5e600dd5]]>
              </value>
            </param>
          </params>
          <reporter-output>
          </reporter-output>
        </test-method> <!-- initTest -->
        <test-method status="FAIL" signature="customerDemo(java.util.Map)[pri:0, instance:com.gorky.appiumdemo.testcases.customer.CustomerPage_001_CustomerCase_Test@ff5b51f]" name="customerDemo" duration-ms="63086" started-at="2017-12-08T17:14:19Z" data-provider="testData" finished-at="2017-12-08T17:15:22Z">
          <exception class="java.lang.ArrayIndexOutOfBoundsException">
            <message>
              <![CDATA[0]]>
            </message>
            <full-stacktrace>
              <![CDATA[java.lang.ArrayIndexOutOfBoundsException: 0
	at com.gorky.appiumdemo.utils.ExcelDataProvider.hasNext(ExcelDataProvider.java:84)
	at org.testng.internal.Invoker.invokeTestMethods(Invoker.java:1224)
	at org.testng.internal.TestMethodWorker.invokeTestMethods(TestMethodWorker.java:127)
	at org.testng.internal.TestMethodWorker.run(TestMethodWorker.java:111)
	at org.testng.TestRunner.privateRun(TestRunner.java:767)
	at org.testng.TestRunner.run(TestRunner.java:617)
	at org.testng.SuiteRunner.runTest(SuiteRunner.java:334)
	at org.testng.SuiteRunner.access$000(SuiteRunner.java:37)
	at org.testng.SuiteRunner$SuiteWorker.run(SuiteRunner.java:368)
	at org.testng.internal.thread.ThreadUtil$2.call(ThreadUtil.java:64)
	at java.util.concurrent.FutureTask.run(Unknown Source)
	at java.util.concurrent.ThreadPoolExecutor.runWorker(Unknown Source)
	at java.util.concurrent.ThreadPoolExecutor$Worker.run(Unknown Source)
	at java.lang.Thread.run(Unknown Source)
]]>
            </full-stacktrace>
          </exception> <!-- java.lang.ArrayIndexOutOfBoundsException -->
          <reporter-output>
          </reporter-output>
        </test-method> <!-- customerDemo -->
        <test-method status="PASS" signature="customerDemo(java.util.Map)[pri:0, instance:com.gorky.appiumdemo.testcases.customer.CustomerPage_001_CustomerCase_Test@ff5b51f]" name="customerDemo" duration-ms="15627" started-at="2017-12-08T17:14:19Z" data-provider="testData" finished-at="2017-12-08T17:14:35Z">
          <params>
            <param index="0">
              <value>
                <![CDATA[{keyword=15521322686}]]>
              </value>
            </param>
          </params>
          <reporter-output>
          </reporter-output>
        </test-method> <!-- customerDemo -->
        <test-method status="FAIL" signature="customerDemo(java.util.Map)[pri:0, instance:com.gorky.appiumdemo.testcases.customer.CustomerPage_001_CustomerCase_Test@ff5b51f]" name="customerDemo" duration-ms="15519" started-at="2017-12-08T17:14:40Z" data-provider="testData" finished-at="2017-12-08T17:14:56Z">
          <params>
            <param index="0">
              <value>
                <![CDATA[{keyword=虹}]]>
              </value>
            </param>
          </params>
          <exception class="org.openqa.selenium.NoSuchElementException">
            <message>
              <![CDATA[An element could not be located on the page using the given search parameters. (WARNING: The server did not provide any stacktrace information)
Command duration or timeout: 15.51 seconds
For documentation on this error, please visit: http://seleniumhq.org/exceptions/no_such_element.html
Build info: version: '2.44.0', revision: '76d78cf', time: '2014-10-23 20:02:37'
System info: host: 'GUO-PC', ip: '169.254.235.171', os.name: 'Windows 7', os.arch: 'amd64', os.version: '6.1', java.version: '1.8.0_151'
Driver info: io.appium.java_client.android.AndroidDriver
Capabilities [{app=F:\appiumTest\appiumdemo\res\app\laikebao-app-release-1129-3.apk, appPackage=cn.jufuns.laikebao, networkConnectionEnabled=true, warnings={}, databaseEnabled=false, deviceName=741AECQK26845, platform=LINUX, appActivity=cn.jufuns.laikebao.activity.LoginActivity, desired={app=F:\appiumTest\appiumdemo\res\app\laikebao-app-release-1129-3.apk, appPackage=cn.jufuns.laikebao, appActivity=cn.jufuns.laikebao.activity.LoginActivity, platformVersion=6.0.1, automationName=null, sessionOverride=true, unicodeKeyboard=true, platformName=Android, deviceName=meizu, resetKeyboard=true}, platformVersion=6.0.1, webStorageEnabled=false, locationContextEnabled=false, automationName=null, browserName=Android, takesScreenshot=true, javascriptEnabled=true, sessionOverride=true, unicodeKeyboard=true, platformName=Android, resetKeyboard=true}]
Session ID: 1c5ce25a-5b23-4452-8e9e-e3f27240b0d8]]>
            </message>
            <full-stacktrace>
              <![CDATA[org.openqa.selenium.NoSuchElementException: An element could not be located on the page using the given search parameters. (WARNING: The server did not provide any stacktrace information)
Command duration or timeout: 15.51 seconds
For documentation on this error, please visit: http://seleniumhq.org/exceptions/no_such_element.html
Build info: version: '2.44.0', revision: '76d78cf', time: '2014-10-23 20:02:37'
System info: host: 'GUO-PC', ip: '169.254.235.171', os.name: 'Windows 7', os.arch: 'amd64', os.version: '6.1', java.version: '1.8.0_151'
Driver info: io.appium.java_client.android.AndroidDriver
Capabilities [{app=F:\appiumTest\appiumdemo\res\app\laikebao-app-release-1129-3.apk, appPackage=cn.jufuns.laikebao, networkConnectionEnabled=true, warnings={}, databaseEnabled=false, deviceName=741AECQK26845, platform=LINUX, appActivity=cn.jufuns.laikebao.activity.LoginActivity, desired={app=F:\appiumTest\appiumdemo\res\app\laikebao-app-release-1129-3.apk, appPackage=cn.jufuns.laikebao, appActivity=cn.jufuns.laikebao.activity.LoginActivity, platformVersion=6.0.1, automationName=null, sessionOverride=true, unicodeKeyboard=true, platformName=Android, deviceName=meizu, resetKeyboard=true}, platformVersion=6.0.1, webStorageEnabled=false, locationContextEnabled=false, automationName=null, browserName=Android, takesScreenshot=true, javascriptEnabled=true, sessionOverride=true, unicodeKeyboard=true, platformName=Android, resetKeyboard=true}]
Session ID: 1c5ce25a-5b23-4452-8e9e-e3f27240b0d8
	at sun.reflect.NativeConstructorAccessorImpl.newInstance0(Native Method)
	at sun.reflect.NativeConstructorAccessorImpl.newInstance(Unknown Source)
	at sun.reflect.DelegatingConstructorAccessorImpl.newInstance(Unknown Source)
	at java.lang.reflect.Constructor.newInstance(Unknown Source)
	at org.openqa.selenium.remote.ErrorHandler.createThrowable(ErrorHandler.java:204)
	at org.openqa.selenium.remote.ErrorHandler.throwIfResponseFailed(ErrorHandler.java:156)
	at org.openqa.selenium.remote.RemoteWebDriver.execute(RemoteWebDriver.java:599)
	at io.appium.java_client.AppiumDriver.execute(AppiumDriver.java:176)
	at org.openqa.selenium.remote.RemoteWebDriver.findElement(RemoteWebDriver.java:352)
	at org.openqa.selenium.remote.RemoteWebDriver.findElementById(RemoteWebDriver.java:393)
	at org.openqa.selenium.By$ById.findElement(By.java:214)
	at org.openqa.selenium.remote.RemoteWebDriver.findElement(RemoteWebDriver.java:344)
	at com.gorky.appiumdemo.utils.AppiumUtil.findElement(AppiumUtil.java:90)
	at com.gorky.appiumdemo.utils.AppiumUtil.doesElementsExist(AppiumUtil.java:412)
	at com.gorky.appiumdemo.testcases.customer.CustomerPage_001_CustomerCase_Test.customerDemo(CustomerPage_001_CustomerCase_Test.java:26)
	at sun.reflect.NativeMethodAccessorImpl.invoke0(Native Method)
	at sun.reflect.NativeMethodAccessorImpl.invoke(Unknown Source)
	at sun.reflect.DelegatingMethodAccessorImpl.invoke(Unknown Source)
	at java.lang.reflect.Method.invoke(Unknown Source)
	at org.testng.internal.MethodInvocationHelper.invokeMethod(MethodInvocationHelper.java:84)
	at org.testng.internal.Invoker.invokeMethod(Invoker.java:714)
	at org.testng.internal.Invoker.invokeTestMethod(Invoker.java:901)
	at org.testng.internal.Invoker.invokeTestMethods(Invoker.java:1231)
	at org.testng.internal.TestMethodWorker.invokeTestMethods(TestMethodWorker.java:127)
	at org.testng.internal.TestMethodWorker.run(TestMethodWorker.java:111)
	at org.testng.TestRunner.privateRun(TestRunner.java:767)
	at org.testng.TestRunner.run(TestRunner.java:617)
	at org.testng.SuiteRunner.runTest(SuiteRunner.java:334)
	at org.testng.SuiteRunner.access$000(SuiteRunner.java:37)
	at org.testng.SuiteRunner$SuiteWorker.run(SuiteRunner.java:368)
	at org.testng.internal.thread.ThreadUtil$2.call(ThreadUtil.java:64)
	at java.util.concurrent.FutureTask.run(Unknown Source)
	at java.util.concurrent.ThreadPoolExecutor.runWorker(Unknown Source)
	at java.util.concurrent.ThreadPoolExecutor$Worker.run(Unknown Source)
	at java.lang.Thread.run(Unknown Source)
]]>
            </full-stacktrace>
          </exception> <!-- org.openqa.selenium.NoSuchElementException -->
          <reporter-output>
          </reporter-output>
        </test-method> <!-- customerDemo -->
        <test-method status="FAIL" signature="customerDemo(java.util.Map)[pri:0, instance:com.gorky.appiumdemo.testcases.customer.CustomerPage_001_CustomerCase_Test@ff5b51f]" name="customerDemo" duration-ms="15118" started-at="2017-12-08T17:15:02Z" data-provider="testData" finished-at="2017-12-08T17:15:17Z">
          <params>
            <param index="0">
              <value>
                <![CDATA[{keyword=156}]]>
              </value>
            </param>
          </params>
          <exception class="org.openqa.selenium.NoSuchElementException">
            <message>
              <![CDATA[An element could not be located on the page using the given search parameters. (WARNING: The server did not provide any stacktrace information)
Command duration or timeout: 15.11 seconds
For documentation on this error, please visit: http://seleniumhq.org/exceptions/no_such_element.html
Build info: version: '2.44.0', revision: '76d78cf', time: '2014-10-23 20:02:37'
System info: host: 'GUO-PC', ip: '169.254.235.171', os.name: 'Windows 7', os.arch: 'amd64', os.version: '6.1', java.version: '1.8.0_151'
Driver info: io.appium.java_client.android.AndroidDriver
Capabilities [{app=F:\appiumTest\appiumdemo\res\app\laikebao-app-release-1129-3.apk, appPackage=cn.jufuns.laikebao, networkConnectionEnabled=true, warnings={}, databaseEnabled=false, deviceName=741AECQK26845, platform=LINUX, appActivity=cn.jufuns.laikebao.activity.LoginActivity, desired={app=F:\appiumTest\appiumdemo\res\app\laikebao-app-release-1129-3.apk, appPackage=cn.jufuns.laikebao, appActivity=cn.jufuns.laikebao.activity.LoginActivity, platformVersion=6.0.1, automationName=null, sessionOverride=true, unicodeKeyboard=true, platformName=Android, deviceName=meizu, resetKeyboard=true}, platformVersion=6.0.1, webStorageEnabled=false, locationContextEnabled=false, automationName=null, browserName=Android, takesScreenshot=true, javascriptEnabled=true, sessionOverride=true, unicodeKeyboard=true, platformName=Android, resetKeyboard=true}]
Session ID: 1c5ce25a-5b23-4452-8e9e-e3f27240b0d8]]>
            </message>
            <full-stacktrace>
              <![CDATA[org.openqa.selenium.NoSuchElementException: An element could not be located on the page using the given search parameters. (WARNING: The server did not provide any stacktrace information)
Command duration or timeout: 15.11 seconds
For documentation on this error, please visit: http://seleniumhq.org/exceptions/no_such_element.html
Build info: version: '2.44.0', revision: '76d78cf', time: '2014-10-23 20:02:37'
System info: host: 'GUO-PC', ip: '169.254.235.171', os.name: 'Windows 7', os.arch: 'amd64', os.version: '6.1', java.version: '1.8.0_151'
Driver info: io.appium.java_client.android.AndroidDriver
Capabilities [{app=F:\appiumTest\appiumdemo\res\app\laikebao-app-release-1129-3.apk, appPackage=cn.jufuns.laikebao, networkConnectionEnabled=true, warnings={}, databaseEnabled=false, deviceName=741AECQK26845, platform=LINUX, appActivity=cn.jufuns.laikebao.activity.LoginActivity, desired={app=F:\appiumTest\appiumdemo\res\app\laikebao-app-release-1129-3.apk, appPackage=cn.jufuns.laikebao, appActivity=cn.jufuns.laikebao.activity.LoginActivity, platformVersion=6.0.1, automationName=null, sessionOverride=true, unicodeKeyboard=true, platformName=Android, deviceName=meizu, resetKeyboard=true}, platformVersion=6.0.1, webStorageEnabled=false, locationContextEnabled=false, automationName=null, browserName=Android, takesScreenshot=true, javascriptEnabled=true, sessionOverride=true, unicodeKeyboard=true, platformName=Android, resetKeyboard=true}]
Session ID: 1c5ce25a-5b23-4452-8e9e-e3f27240b0d8
	at sun.reflect.NativeConstructorAccessorImpl.newInstance0(Native Method)
	at sun.reflect.NativeConstructorAccessorImpl.newInstance(Unknown Source)
	at sun.reflect.DelegatingConstructorAccessorImpl.newInstance(Unknown Source)
	at java.lang.reflect.Constructor.newInstance(Unknown Source)
	at org.openqa.selenium.remote.ErrorHandler.createThrowable(ErrorHandler.java:204)
	at org.openqa.selenium.remote.ErrorHandler.throwIfResponseFailed(ErrorHandler.java:156)
	at org.openqa.selenium.remote.RemoteWebDriver.execute(RemoteWebDriver.java:599)
	at io.appium.java_client.AppiumDriver.execute(AppiumDriver.java:176)
	at org.openqa.selenium.remote.RemoteWebDriver.findElement(RemoteWebDriver.java:352)
	at org.openqa.selenium.remote.RemoteWebDriver.findElementById(RemoteWebDriver.java:393)
	at org.openqa.selenium.By$ById.findElement(By.java:214)
	at org.openqa.selenium.remote.RemoteWebDriver.findElement(RemoteWebDriver.java:344)
	at com.gorky.appiumdemo.utils.AppiumUtil.findElement(AppiumUtil.java:90)
	at com.gorky.appiumdemo.utils.AppiumUtil.doesElementsExist(AppiumUtil.java:412)
	at com.gorky.appiumdemo.testcases.customer.CustomerPage_001_CustomerCase_Test.customerDemo(CustomerPage_001_CustomerCase_Test.java:26)
	at sun.reflect.NativeMethodAccessorImpl.invoke0(Native Method)
	at sun.reflect.NativeMethodAccessorImpl.invoke(Unknown Source)
	at sun.reflect.DelegatingMethodAccessorImpl.invoke(Unknown Source)
	at java.lang.reflect.Method.invoke(Unknown Source)
	at org.testng.internal.MethodInvocationHelper.invokeMethod(MethodInvocationHelper.java:84)
	at org.testng.internal.Invoker.invokeMethod(Invoker.java:714)
	at org.testng.internal.Invoker.invokeTestMethod(Invoker.java:901)
	at org.testng.internal.Invoker.invokeTestMethods(Invoker.java:1231)
	at org.testng.internal.TestMethodWorker.invokeTestMethods(TestMethodWorker.java:127)
	at org.testng.internal.TestMethodWorker.run(TestMethodWorker.java:111)
	at org.testng.TestRunner.privateRun(TestRunner.java:767)
	at org.testng.TestRunner.run(TestRunner.java:617)
	at org.testng.SuiteRunner.runTest(SuiteRunner.java:334)
	at org.testng.SuiteRunner.access$000(SuiteRunner.java:37)
	at org.testng.SuiteRunner$SuiteWorker.run(SuiteRunner.java:368)
	at org.testng.internal.thread.ThreadUtil$2.call(ThreadUtil.java:64)
	at java.util.concurrent.FutureTask.run(Unknown Source)
	at java.util.concurrent.ThreadPoolExecutor.runWorker(Unknown Source)
	at java.util.concurrent.ThreadPoolExecutor$Worker.run(Unknown Source)
	at java.lang.Thread.run(Unknown Source)
]]>
            </full-stacktrace>
          </exception> <!-- org.openqa.selenium.NoSuchElementException -->
          <reporter-output>
          </reporter-output>
        </test-method> <!-- customerDemo -->
        <test-method status="PASS" signature="clenTest()[pri:0, instance:com.gorky.appiumdemo.testcases.customer.CustomerPage_001_CustomerCase_Test@ff5b51f]" name="clenTest" is-config="true" duration-ms="0" started-at="2017-12-08T17:15:30Z" finished-at="2017-12-08T17:15:30Z">
          <reporter-output>
          </reporter-output>
        </test-method> <!-- clenTest -->
      </class> <!-- com.gorky.appiumdemo.testcases.customer.CustomerPage_001_CustomerCase_Test -->
    </test> <!-- 我的客户 -->
  </suite> <!-- Suite -->
</testng-results>
