<html>
<head>
<title>TestNG:  我的客户</title>
<link href="../testng.css" rel="stylesheet" type="text/css" />
<link href="../my-testng.css" rel="stylesheet" type="text/css" />

<style type="text/css">
.log { display: none;} 
.stack-trace { display: none;} 
</style>
<script type="text/javascript">
<!--
function flip(e) {
  current = e.style.display;
  if (current == 'block') {
    e.style.display = 'none';
    return 0;
  }
  else {
    e.style.display = 'block';
    return 1;
  }
}

function toggleBox(szDivId, elem, msg1, msg2)
{
  var res = -1;  if (document.getElementById) {
    res = flip(document.getElementById(szDivId));
  }
  else if (document.all) {
    // this is the way old msie versions work
    res = flip(document.all[szDivId]);
  }
  if(elem) {
    if(res == 0) elem.innerHTML = msg1; else elem.innerHTML = msg2;
  }

}

function toggleAllBoxes() {
  if (document.getElementsByTagName) {
    d = document.getElementsByTagName('div');
    for (i = 0; i < d.length; i++) {
      if (d[i].className == 'log') {
        flip(d[i]);
      }
    }
  }
}

// -->
</script>

</head>
<body>
<h2 align='center'>我的客户</h2><table border='1' align="center">
<tr>
<td>Tests passed/Failed/Skipped:</td><td>1/3/0</td>
</tr><tr>
<td>Started on:</td><td>Fri Dec 08 17:14:19 CST 2017</td>
</tr>
<tr><td>Total time:</td><td>67 seconds (67995 ms)</td>
</tr><tr>
<td>Included groups:</td><td></td>
</tr><tr>
<td>Excluded groups:</td><td></td>
</tr>
</table><p/>
<small><i>(Hover the method name to see the test class name)</i></small><p/>
<table width='100%' border='1' class='invocation-failed'>
<tr><td colspan='4' align='center'><b>FAILED TESTS</b></td></tr>
<tr><td><b>Test method</b></td>
<td width="30%"><b>Exception</b></td>
<td width="10%"><b>Time (seconds)</b></td>
<td><b>Instance</b></td>
</tr>
<tr>
<td title='com.gorky.appiumdemo.testcases.customer.CustomerPage_001_CustomerCase_Test.customerDemo()'><b>customerDemo</b><br>Test class: com.gorky.appiumdemo.testcases.customer.CustomerPage_001_CustomerCase_Test<br>Parameters: {keyword=虹}</td>
<td><div><pre>org.openqa.selenium.NoSuchElementException: An element could not be located on the page using the given search parameters. (WARNING: The server did not provide any stacktrace information)
Command duration or timeout: 15.51 seconds
For documentation on this error, please visit: http://seleniumhq.org/exceptions/no_such_element.html
Build info: version: &apos;2.44.0&apos;, revision: &apos;76d78cf&apos;, time: &apos;2014-10-23 20:02:37&apos;
System info: host: &apos;GUO-PC&apos;, ip: &apos;169.254.235.171&apos;, os.name: &apos;Windows 7&apos;, os.arch: &apos;amd64&apos;, os.version: &apos;6.1&apos;, java.version: &apos;1.8.0_151&apos;
Driver info: io.appium.java_client.android.AndroidDriver
Capabilities [{app=F:\appiumTest\appiumdemo\res\app\laikebao-app-release-1129-3.apk, appPackage=cn.jufuns.laikebao, networkConnectionEnabled=true, warnings={}, databaseEnabled=false, deviceName=741AECQK26845, platform=LINUX, appActivity=cn.jufuns.laikebao.activity.LoginActivity, desired={app=F:\appiumTest\appiumdemo\res\app\laikebao-app-release-1129-3.apk, appPackage=cn.jufuns.laikebao, appActivity=cn.jufuns.laikebao.activity.LoginActivity, platformVersion=6.0.1, automationName=null, sessionOverride=true, unicodeKeyboard=true, platformName=Android, deviceName=meizu, resetKeyboard=true}, platformVersion=6.0.1, webStorageEnabled=false, locationContextEnabled=false, automationName=null, browserName=Android, takesScreenshot=true, javascriptEnabled=true, sessionOverride=true, unicodeKeyboard=true, platformName=Android, resetKeyboard=true}]
Session ID: 1c5ce25a-5b23-4452-8e9e-e3f27240b0d8
	at org.openqa.selenium.remote.ErrorHandler.createThrowable(ErrorHandler.java:204)
	at org.openqa.selenium.remote.ErrorHandler.throwIfResponseFailed(ErrorHandler.java:156)
	at org.openqa.selenium.remote.RemoteWebDriver.execute(RemoteWebDriver.java:599)
	at io.appium.java_client.AppiumDriver.execute(AppiumDriver.java:176)
	at org.openqa.selenium.remote.RemoteWebDriver.findElement(RemoteWebDriver.java:352)
	at org.openqa.selenium.remote.RemoteWebDriver.findElementById(RemoteWebDriver.java:393)
	at org.openqa.selenium.By$ById.findElement(By.java:214)
	at org.openqa.selenium.remote.RemoteWebDriver.findElement(RemoteWebDriver.java:344)
	at com.gorky.appiumdemo.utils.AppiumUtil.findElement(AppiumUtil.java:90)
	at com.gorky.appiumdemo.utils.AppiumUtil.doesElementsExist(AppiumUtil.java:412)
	at com.gorky.appiumdemo.testcases.customer.CustomerPage_001_CustomerCase_Test.customerDemo(CustomerPage_001_CustomerCase_Test.java:26)
	at java.util.concurrent.FutureTask.run(Unknown Source)
	at java.util.concurrent.ThreadPoolExecutor.runWorker(Unknown Source)
	at java.util.concurrent.ThreadPoolExecutor$Worker.run(Unknown Source)
	at java.lang.Thread.run(Unknown Source)
... Removed 20 stack frames</pre></div><a href='#' onClick='toggleBox("stack-trace31638166", this, "Click to show all stack frames", "Click to hide stack frames")'>Click to show all stack frames</a>
<div class='stack-trace' id='stack-trace31638166'><pre>org.openqa.selenium.NoSuchElementException: An element could not be located on the page using the given search parameters. (WARNING: The server did not provide any stacktrace information)
Command duration or timeout: 15.51 seconds
For documentation on this error, please visit: http://seleniumhq.org/exceptions/no_such_element.html
Build info: version: &apos;2.44.0&apos;, revision: &apos;76d78cf&apos;, time: &apos;2014-10-23 20:02:37&apos;
System info: host: &apos;GUO-PC&apos;, ip: &apos;169.254.235.171&apos;, os.name: &apos;Windows 7&apos;, os.arch: &apos;amd64&apos;, os.version: &apos;6.1&apos;, java.version: &apos;1.8.0_151&apos;
Driver info: io.appium.java_client.android.AndroidDriver
Capabilities [{app=F:\appiumTest\appiumdemo\res\app\laikebao-app-release-1129-3.apk, appPackage=cn.jufuns.laikebao, networkConnectionEnabled=true, warnings={}, databaseEnabled=false, deviceName=741AECQK26845, platform=LINUX, appActivity=cn.jufuns.laikebao.activity.LoginActivity, desired={app=F:\appiumTest\appiumdemo\res\app\laikebao-app-release-1129-3.apk, appPackage=cn.jufuns.laikebao, appActivity=cn.jufuns.laikebao.activity.LoginActivity, platformVersion=6.0.1, automationName=null, sessionOverride=true, unicodeKeyboard=true, platformName=Android, deviceName=meizu, resetKeyboard=true}, platformVersion=6.0.1, webStorageEnabled=false, locationContextEnabled=false, automationName=null, browserName=Android, takesScreenshot=true, javascriptEnabled=true, sessionOverride=true, unicodeKeyboard=true, platformName=Android, resetKeyboard=true}]
Session ID: 1c5ce25a-5b23-4452-8e9e-e3f27240b0d8
	at sun.reflect.NativeConstructorAccessorImpl.newInstance0(Native Method)
	at sun.reflect.NativeConstructorAccessorImpl.newInstance(Unknown Source)
	at sun.reflect.DelegatingConstructorAccessorImpl.newInstance(Unknown Source)
	at java.lang.reflect.Constructor.newInstance(Unknown Source)
	at org.openqa.selenium.remote.ErrorHandler.createThrowable(ErrorHandler.java:204)
	at org.openqa.selenium.remote.ErrorHandler.throwIfResponseFailed(ErrorHandler.java:156)
	at org.openqa.selenium.remote.RemoteWebDriver.execute(RemoteWebDriver.java:599)
	at io.appium.java_client.AppiumDriver.execute(AppiumDriver.java:176)
	at org.openqa.selenium.remote.RemoteWebDriver.findElement(RemoteWebDriver.java:352)
	at org.openqa.selenium.remote.RemoteWebDriver.findElementById(RemoteWebDriver.java:393)
	at org.openqa.selenium.By$ById.findElement(By.java:214)
	at org.openqa.selenium.remote.RemoteWebDriver.findElement(RemoteWebDriver.java:344)
	at com.gorky.appiumdemo.utils.AppiumUtil.findElement(AppiumUtil.java:90)
	at com.gorky.appiumdemo.utils.AppiumUtil.doesElementsExist(AppiumUtil.java:412)
	at com.gorky.appiumdemo.testcases.customer.CustomerPage_001_CustomerCase_Test.customerDemo(CustomerPage_001_CustomerCase_Test.java:26)
	at sun.reflect.NativeMethodAccessorImpl.invoke0(Native Method)
	at sun.reflect.NativeMethodAccessorImpl.invoke(Unknown Source)
	at sun.reflect.DelegatingMethodAccessorImpl.invoke(Unknown Source)
	at java.lang.reflect.Method.invoke(Unknown Source)
	at org.testng.internal.MethodInvocationHelper.invokeMethod(MethodInvocationHelper.java:84)
	at org.testng.internal.Invoker.invokeMethod(Invoker.java:714)
	at org.testng.internal.Invoker.invokeTestMethod(Invoker.java:901)
	at org.testng.internal.Invoker.invokeTestMethods(Invoker.java:1231)
	at org.testng.internal.TestMethodWorker.invokeTestMethods(TestMethodWorker.java:127)
	at org.testng.internal.TestMethodWorker.run(TestMethodWorker.java:111)
	at org.testng.TestRunner.privateRun(TestRunner.java:767)
	at org.testng.TestRunner.run(TestRunner.java:617)
	at org.testng.SuiteRunner.runTest(SuiteRunner.java:334)
	at org.testng.SuiteRunner.access$000(SuiteRunner.java:37)
	at org.testng.SuiteRunner$SuiteWorker.run(SuiteRunner.java:368)
	at org.testng.internal.thread.ThreadUtil$2.call(ThreadUtil.java:64)
	at java.util.concurrent.FutureTask.run(Unknown Source)
	at java.util.concurrent.ThreadPoolExecutor.runWorker(Unknown Source)
	at java.util.concurrent.ThreadPoolExecutor$Worker.run(Unknown Source)
	at java.lang.Thread.run(Unknown Source)
</pre></div></td>
<td>15</td>
<td>com.gorky.appiumdemo.testcases.customer.CustomerPage_001_CustomerCase_Test@ff5b51f</td></tr>
<tr>
<td title='com.gorky.appiumdemo.testcases.customer.CustomerPage_001_CustomerCase_Test.customerDemo()'><b>customerDemo</b><br>Test class: com.gorky.appiumdemo.testcases.customer.CustomerPage_001_CustomerCase_Test<br>Parameters: {keyword=156}</td>
<td><div><pre>org.openqa.selenium.NoSuchElementException: An element could not be located on the page using the given search parameters. (WARNING: The server did not provide any stacktrace information)
Command duration or timeout: 15.11 seconds
For documentation on this error, please visit: http://seleniumhq.org/exceptions/no_such_element.html
Build info: version: &apos;2.44.0&apos;, revision: &apos;76d78cf&apos;, time: &apos;2014-10-23 20:02:37&apos;
System info: host: &apos;GUO-PC&apos;, ip: &apos;169.254.235.171&apos;, os.name: &apos;Windows 7&apos;, os.arch: &apos;amd64&apos;, os.version: &apos;6.1&apos;, java.version: &apos;1.8.0_151&apos;
Driver info: io.appium.java_client.android.AndroidDriver
Capabilities [{app=F:\appiumTest\appiumdemo\res\app\laikebao-app-release-1129-3.apk, appPackage=cn.jufuns.laikebao, networkConnectionEnabled=true, warnings={}, databaseEnabled=false, deviceName=741AECQK26845, platform=LINUX, appActivity=cn.jufuns.laikebao.activity.LoginActivity, desired={app=F:\appiumTest\appiumdemo\res\app\laikebao-app-release-1129-3.apk, appPackage=cn.jufuns.laikebao, appActivity=cn.jufuns.laikebao.activity.LoginActivity, platformVersion=6.0.1, automationName=null, sessionOverride=true, unicodeKeyboard=true, platformName=Android, deviceName=meizu, resetKeyboard=true}, platformVersion=6.0.1, webStorageEnabled=false, locationContextEnabled=false, automationName=null, browserName=Android, takesScreenshot=true, javascriptEnabled=true, sessionOverride=true, unicodeKeyboard=true, platformName=Android, resetKeyboard=true}]
Session ID: 1c5ce25a-5b23-4452-8e9e-e3f27240b0d8
	at org.openqa.selenium.remote.ErrorHandler.createThrowable(ErrorHandler.java:204)
	at org.openqa.selenium.remote.ErrorHandler.throwIfResponseFailed(ErrorHandler.java:156)
	at org.openqa.selenium.remote.RemoteWebDriver.execute(RemoteWebDriver.java:599)
	at io.appium.java_client.AppiumDriver.execute(AppiumDriver.java:176)
	at org.openqa.selenium.remote.RemoteWebDriver.findElement(RemoteWebDriver.java:352)
	at org.openqa.selenium.remote.RemoteWebDriver.findElementById(RemoteWebDriver.java:393)
	at org.openqa.selenium.By$ById.findElement(By.java:214)
	at org.openqa.selenium.remote.RemoteWebDriver.findElement(RemoteWebDriver.java:344)
	at com.gorky.appiumdemo.utils.AppiumUtil.findElement(AppiumUtil.java:90)
	at com.gorky.appiumdemo.utils.AppiumUtil.doesElementsExist(AppiumUtil.java:412)
	at com.gorky.appiumdemo.testcases.customer.CustomerPage_001_CustomerCase_Test.customerDemo(CustomerPage_001_CustomerCase_Test.java:26)
	at java.util.concurrent.FutureTask.run(Unknown Source)
	at java.util.concurrent.ThreadPoolExecutor.runWorker(Unknown Source)
	at java.util.concurrent.ThreadPoolExecutor$Worker.run(Unknown Source)
	at java.lang.Thread.run(Unknown Source)
... Removed 20 stack frames</pre></div><a href='#' onClick='toggleBox("stack-trace809401713", this, "Click to show all stack frames", "Click to hide stack frames")'>Click to show all stack frames</a>
<div class='stack-trace' id='stack-trace809401713'><pre>org.openqa.selenium.NoSuchElementException: An element could not be located on the page using the given search parameters. (WARNING: The server did not provide any stacktrace information)
Command duration or timeout: 15.11 seconds
For documentation on this error, please visit: http://seleniumhq.org/exceptions/no_such_element.html
Build info: version: &apos;2.44.0&apos;, revision: &apos;76d78cf&apos;, time: &apos;2014-10-23 20:02:37&apos;
System info: host: &apos;GUO-PC&apos;, ip: &apos;169.254.235.171&apos;, os.name: &apos;Windows 7&apos;, os.arch: &apos;amd64&apos;, os.version: &apos;6.1&apos;, java.version: &apos;1.8.0_151&apos;
Driver info: io.appium.java_client.android.AndroidDriver
Capabilities [{app=F:\appiumTest\appiumdemo\res\app\laikebao-app-release-1129-3.apk, appPackage=cn.jufuns.laikebao, networkConnectionEnabled=true, warnings={}, databaseEnabled=false, deviceName=741AECQK26845, platform=LINUX, appActivity=cn.jufuns.laikebao.activity.LoginActivity, desired={app=F:\appiumTest\appiumdemo\res\app\laikebao-app-release-1129-3.apk, appPackage=cn.jufuns.laikebao, appActivity=cn.jufuns.laikebao.activity.LoginActivity, platformVersion=6.0.1, automationName=null, sessionOverride=true, unicodeKeyboard=true, platformName=Android, deviceName=meizu, resetKeyboard=true}, platformVersion=6.0.1, webStorageEnabled=false, locationContextEnabled=false, automationName=null, browserName=Android, takesScreenshot=true, javascriptEnabled=true, sessionOverride=true, unicodeKeyboard=true, platformName=Android, resetKeyboard=true}]
Session ID: 1c5ce25a-5b23-4452-8e9e-e3f27240b0d8
	at sun.reflect.NativeConstructorAccessorImpl.newInstance0(Native Method)
	at sun.reflect.NativeConstructorAccessorImpl.newInstance(Unknown Source)
	at sun.reflect.DelegatingConstructorAccessorImpl.newInstance(Unknown Source)
	at java.lang.reflect.Constructor.newInstance(Unknown Source)
	at org.openqa.selenium.remote.ErrorHandler.createThrowable(ErrorHandler.java:204)
	at org.openqa.selenium.remote.ErrorHandler.throwIfResponseFailed(ErrorHandler.java:156)
	at org.openqa.selenium.remote.RemoteWebDriver.execute(RemoteWebDriver.java:599)
	at io.appium.java_client.AppiumDriver.execute(AppiumDriver.java:176)
	at org.openqa.selenium.remote.RemoteWebDriver.findElement(RemoteWebDriver.java:352)
	at org.openqa.selenium.remote.RemoteWebDriver.findElementById(RemoteWebDriver.java:393)
	at org.openqa.selenium.By$ById.findElement(By.java:214)
	at org.openqa.selenium.remote.RemoteWebDriver.findElement(RemoteWebDriver.java:344)
	at com.gorky.appiumdemo.utils.AppiumUtil.findElement(AppiumUtil.java:90)
	at com.gorky.appiumdemo.utils.AppiumUtil.doesElementsExist(AppiumUtil.java:412)
	at com.gorky.appiumdemo.testcases.customer.CustomerPage_001_CustomerCase_Test.customerDemo(CustomerPage_001_CustomerCase_Test.java:26)
	at sun.reflect.NativeMethodAccessorImpl.invoke0(Native Method)
	at sun.reflect.NativeMethodAccessorImpl.invoke(Unknown Source)
	at sun.reflect.DelegatingMethodAccessorImpl.invoke(Unknown Source)
	at java.lang.reflect.Method.invoke(Unknown Source)
	at org.testng.internal.MethodInvocationHelper.invokeMethod(MethodInvocationHelper.java:84)
	at org.testng.internal.Invoker.invokeMethod(Invoker.java:714)
	at org.testng.internal.Invoker.invokeTestMethod(Invoker.java:901)
	at org.testng.internal.Invoker.invokeTestMethods(Invoker.java:1231)
	at org.testng.internal.TestMethodWorker.invokeTestMethods(TestMethodWorker.java:127)
	at org.testng.internal.TestMethodWorker.run(TestMethodWorker.java:111)
	at org.testng.TestRunner.privateRun(TestRunner.java:767)
	at org.testng.TestRunner.run(TestRunner.java:617)
	at org.testng.SuiteRunner.runTest(SuiteRunner.java:334)
	at org.testng.SuiteRunner.access$000(SuiteRunner.java:37)
	at org.testng.SuiteRunner$SuiteWorker.run(SuiteRunner.java:368)
	at org.testng.internal.thread.ThreadUtil$2.call(ThreadUtil.java:64)
	at java.util.concurrent.FutureTask.run(Unknown Source)
	at java.util.concurrent.ThreadPoolExecutor.runWorker(Unknown Source)
	at java.util.concurrent.ThreadPoolExecutor$Worker.run(Unknown Source)
	at java.lang.Thread.run(Unknown Source)
</pre></div></td>
<td>15</td>
<td>com.gorky.appiumdemo.testcases.customer.CustomerPage_001_CustomerCase_Test@ff5b51f</td></tr>
<tr>
<td title='com.gorky.appiumdemo.testcases.customer.CustomerPage_001_CustomerCase_Test.customerDemo()'><b>customerDemo</b><br>Test class: com.gorky.appiumdemo.testcases.customer.CustomerPage_001_CustomerCase_Test</td>
<td><div><pre>java.lang.ArrayIndexOutOfBoundsException: 0
	at com.gorky.appiumdemo.utils.ExcelDataProvider.hasNext(ExcelDataProvider.java:84)
	at java.util.concurrent.FutureTask.run(Unknown Source)
	at java.util.concurrent.ThreadPoolExecutor.runWorker(Unknown Source)
	at java.util.concurrent.ThreadPoolExecutor$Worker.run(Unknown Source)
	at java.lang.Thread.run(Unknown Source)
... Removed 9 stack frames</pre></div><a href='#' onClick='toggleBox("stack-trace703011996", this, "Click to show all stack frames", "Click to hide stack frames")'>Click to show all stack frames</a>
<div class='stack-trace' id='stack-trace703011996'><pre>java.lang.ArrayIndexOutOfBoundsException: 0
	at com.gorky.appiumdemo.utils.ExcelDataProvider.hasNext(ExcelDataProvider.java:84)
	at org.testng.internal.Invoker.invokeTestMethods(Invoker.java:1224)
	at org.testng.internal.TestMethodWorker.invokeTestMethods(TestMethodWorker.java:127)
	at org.testng.internal.TestMethodWorker.run(TestMethodWorker.java:111)
	at org.testng.TestRunner.privateRun(TestRunner.java:767)
	at org.testng.TestRunner.run(TestRunner.java:617)
	at org.testng.SuiteRunner.runTest(SuiteRunner.java:334)
	at org.testng.SuiteRunner.access$000(SuiteRunner.java:37)
	at org.testng.SuiteRunner$SuiteWorker.run(SuiteRunner.java:368)
	at org.testng.internal.thread.ThreadUtil$2.call(ThreadUtil.java:64)
	at java.util.concurrent.FutureTask.run(Unknown Source)
	at java.util.concurrent.ThreadPoolExecutor.runWorker(Unknown Source)
	at java.util.concurrent.ThreadPoolExecutor$Worker.run(Unknown Source)
	at java.lang.Thread.run(Unknown Source)
</pre></div></td>
<td>63</td>
<td>com.gorky.appiumdemo.testcases.customer.CustomerPage_001_CustomerCase_Test@ff5b51f</td></tr>
</table><p>
<table width='100%' border='1' class='invocation-passed'>
<tr><td colspan='4' align='center'><b>PASSED TESTS</b></td></tr>
<tr><td><b>Test method</b></td>
<td width="30%"><b>Exception</b></td>
<td width="10%"><b>Time (seconds)</b></td>
<td><b>Instance</b></td>
</tr>
<tr>
<td title='com.gorky.appiumdemo.testcases.customer.CustomerPage_001_CustomerCase_Test.customerDemo()'><b>customerDemo</b><br>Test class: com.gorky.appiumdemo.testcases.customer.CustomerPage_001_CustomerCase_Test<br>Parameters: {keyword=15521322686}</td>
<td></td>
<td>15</td>
<td>com.gorky.appiumdemo.testcases.customer.CustomerPage_001_CustomerCase_Test@ff5b51f</td></tr>
</table><p>
</body>
</html>